[  0%] Built target darknet_ros_msgs_generate_messages_cpp
[ 10%] [34m[1mBuilding NVCC (Device) object CMakeFiles/darknet_ros_lib.dir/__/darknet/src/darknet_ros_lib_generated_crop_layer_kernels.cu.o[0m
[ 10%] [34m[1mBuilding NVCC (Device) object CMakeFiles/darknet_ros_lib.dir/__/darknet/src/darknet_ros_lib_generated_activation_kernels.cu.o[0m
[ 10%] [34m[1mBuilding NVCC (Device) object CMakeFiles/darknet_ros_lib.dir/__/darknet/src/darknet_ros_lib_generated_avgpool_layer_kernels.cu.o[0m
[ 10%] [34m[1mBuilding NVCC (Device) object CMakeFiles/darknet_ros_lib.dir/__/darknet/src/darknet_ros_lib_generated_maxpool_layer_kernels.cu.o[0m
[ 10%] [34m[1mBuilding NVCC (Device) object CMakeFiles/darknet_ros_lib.dir/__/darknet/src/darknet_ros_lib_generated_deconvolutional_kernels.cu.o[0m
[ 10%] [34m[1mBuilding NVCC (Device) object CMakeFiles/darknet_ros_lib.dir/__/darknet/src/darknet_ros_lib_generated_blas_kernels.cu.o[0m
[ 10%] [34m[1mBuilding NVCC (Device) object CMakeFiles/darknet_ros_lib.dir/__/darknet/src/darknet_ros_lib_generated_dropout_layer_kernels.cu.o[0m
[ 10%] [34m[1mBuilding NVCC (Device) object CMakeFiles/darknet_ros_lib.dir/__/darknet/src/darknet_ros_lib_generated_col2im_kernels.cu.o[0m
nvcc warning : The 'compute_35', 'compute_37', 'compute_50', 'sm_35', 'sm_37' and 'sm_50' architectures are deprecated, and may be removed in a future release (Use -Wno-deprecated-gpu-targets to suppress warning).
nvcc warning : The 'compute_35', 'compute_37', 'compute_50', 'sm_35', 'sm_37' and 'sm_50' architectures are deprecated, and may be removed in a future release (Use -Wno-deprecated-gpu-targets to suppress warning).
nvcc warning : The 'compute_35', 'compute_37', 'compute_50', 'sm_35', 'sm_37' and 'sm_50' architectures are deprecated, and may be removed in a future release (Use -Wno-deprecated-gpu-targets to suppress warning).
nvcc warning : The 'compute_35', 'compute_37', 'compute_50', 'sm_35', 'sm_37' and 'sm_50' architectures are deprecated, and may be removed in a future release (Use -Wno-deprecated-gpu-targets to suppress warning).
nvcc warning : The 'compute_35', 'compute_37', 'compute_50', 'sm_35', 'sm_37' and 'sm_50' architectures are deprecated, and may be removed in a future release (Use -Wno-deprecated-gpu-targets to suppress warning).
nvcc warning : The 'compute_35', 'compute_37', 'compute_50', 'sm_35', 'sm_37' and 'sm_50' architectures are deprecated, and may be removed in a future release (Use -Wno-deprecated-gpu-targets to suppress warning).
nvcc warning : The 'compute_35', 'compute_37', 'compute_50', 'sm_35', 'sm_37' and 'sm_50' architectures are deprecated, and may be removed in a future release (Use -Wno-deprecated-gpu-targets to suppress warning).
nvcc warning : The 'compute_35', 'compute_37', 'compute_50', 'sm_35', 'sm_37' and 'sm_50' architectures are deprecated, and may be removed in a future release (Use -Wno-deprecated-gpu-targets to suppress warning).
nvcc warning : The 'compute_35', 'compute_37', 'compute_50', 'sm_35', 'sm_37' and 'sm_50' architectures are deprecated, and may be removed in a future release (Use -Wno-deprecated-gpu-targets to suppress warning).
nvcc warning : The 'compute_35', 'compute_37', 'compute_50', 'sm_35', 'sm_37' and 'sm_50' architectures are deprecated, and may be removed in a future release (Use -Wno-deprecated-gpu-targets to suppress warning).
nvcc warning : The 'compute_35', 'compute_37', 'compute_50', 'sm_35', 'sm_37' and 'sm_50' architectures are deprecated, and may be removed in a future release (Use -Wno-deprecated-gpu-targets to suppress warning).
nvcc warning : The 'compute_35', 'compute_37', 'compute_50', 'sm_35', 'sm_37' and 'sm_50' architectures are deprecated, and may be removed in a future release (Use -Wno-deprecated-gpu-targets to suppress warning).
nvcc warning : The 'compute_35', 'compute_37', 'compute_50', 'sm_35', 'sm_37' and 'sm_50' architectures are deprecated, and may be removed in a future release (Use -Wno-deprecated-gpu-targets to suppress warning).
nvcc warning : The 'compute_35', 'compute_37', 'compute_50', 'sm_35', 'sm_37' and 'sm_50' architectures are deprecated, and may be removed in a future release (Use -Wno-deprecated-gpu-targets to suppress warning).
nvcc warning : The 'compute_35', 'compute_37', 'compute_50', 'sm_35', 'sm_37' and 'sm_50' architectures are deprecated, and may be removed in a future release (Use -Wno-deprecated-gpu-targets to suppress warning).
nvcc warning : The 'compute_35', 'compute_37', 'compute_50', 'sm_35', 'sm_37' and 'sm_50' architectures are deprecated, and may be removed in a future release (Use -Wno-deprecated-gpu-targets to suppress warning).
[ 11%] [34m[1mBuilding NVCC (Device) object CMakeFiles/darknet_ros_lib.dir/__/darknet/src/darknet_ros_lib_generated_im2col_kernels.cu.o[0m
[ 12%] [34m[1mBuilding NVCC (Device) object CMakeFiles/darknet_ros_lib.dir/__/darknet/src/darknet_ros_lib_generated_convolutional_kernels.cu.o[0m
nvcc warning : The 'compute_35', 'compute_37', 'compute_50', 'sm_35', 'sm_37' and 'sm_50' architectures are deprecated, and may be removed in a future release (Use -Wno-deprecated-gpu-targets to suppress warning).
nvcc warning : The 'compute_35', 'compute_37', 'compute_50', 'sm_35', 'sm_37' and 'sm_50' architectures are deprecated, and may be removed in a future release (Use -Wno-deprecated-gpu-targets to suppress warning).
nvcc warning : The 'compute_35', 'compute_37', 'compute_50', 'sm_35', 'sm_37' and 'sm_50' architectures are deprecated, and may be removed in a future release (Use -Wno-deprecated-gpu-targets to suppress warning).
nvcc warning : The 'compute_35', 'compute_37', 'compute_50', 'sm_35', 'sm_37' and 'sm_50' architectures are deprecated, and may be removed in a future release (Use -Wno-deprecated-gpu-targets to suppress warning).
[35m[1mScanning dependencies of target darknet_ros_lib[0m
[ 17%] [32mBuilding CXX object CMakeFiles/darknet_ros_lib.dir/src/YoloObjectDetector.cpp.o[0m
[ 18%] [32mBuilding CXX object CMakeFiles/darknet_ros_lib.dir/src/image_interface.cpp.o[0m
[ 22%] [32mBuilding C object CMakeFiles/darknet_ros_lib.dir/home/cc/ee106a/fl21/class/ee106a-aaf/ros_workspaces/final-project-workspace/src/darknet_ros/darknet/src/im2col.c.o[0m
[ 22%] [32mBuilding C object CMakeFiles/darknet_ros_lib.dir/home/cc/ee106a/fl21/class/ee106a-aaf/ros_workspaces/final-project-workspace/src/darknet_ros/darknet/src/activations.c.o[0m
[ 22%] [32mBuilding C object CMakeFiles/darknet_ros_lib.dir/home/cc/ee106a/fl21/class/ee106a-aaf/ros_workspaces/final-project-workspace/src/darknet_ros/darknet/src/activation_layer.c.o[0m
[ 22%] [32mBuilding C object CMakeFiles/darknet_ros_lib.dir/home/cc/ee106a/fl21/class/ee106a-aaf/ros_workspaces/final-project-workspace/src/darknet_ros/darknet/src/image.c.o[0m
[ 22%] [32mBuilding C object CMakeFiles/darknet_ros_lib.dir/home/cc/ee106a/fl21/class/ee106a-aaf/ros_workspaces/final-project-workspace/src/darknet_ros/darknet/src/avgpool_layer.c.o[0m
[ 22%] [32mBuilding C object CMakeFiles/darknet_ros_lib.dir/home/cc/ee106a/fl21/class/ee106a-aaf/ros_workspaces/final-project-workspace/src/darknet_ros/darknet/src/layer.c.o[0m
[ 23%] [32mBuilding C object CMakeFiles/darknet_ros_lib.dir/home/cc/ee106a/fl21/class/ee106a-aaf/ros_workspaces/final-project-workspace/src/darknet_ros/darknet/src/batchnorm_layer.c.o[0m
[ 25%] [32mBuilding C object CMakeFiles/darknet_ros_lib.dir/home/cc/ee106a/fl21/class/ee106a-aaf/ros_workspaces/final-project-workspace/src/darknet_ros/darknet/src/list.c.o[0m
[ 26%] [32mBuilding C object CMakeFiles/darknet_ros_lib.dir/home/cc/ee106a/fl21/class/ee106a-aaf/ros_workspaces/final-project-workspace/src/darknet_ros/darknet/src/blas.c.o[0m
[ 27%] [32mBuilding C object CMakeFiles/darknet_ros_lib.dir/home/cc/ee106a/fl21/class/ee106a-aaf/ros_workspaces/final-project-workspace/src/darknet_ros/darknet/src/local_layer.c.o[0m
[ 28%] [32mBuilding C object CMakeFiles/darknet_ros_lib.dir/home/cc/ee106a/fl21/class/ee106a-aaf/ros_workspaces/final-project-workspace/src/darknet_ros/darknet/src/box.c.o[0m
[ 30%] [32mBuilding C object CMakeFiles/darknet_ros_lib.dir/home/cc/ee106a/fl21/class/ee106a-aaf/ros_workspaces/final-project-workspace/src/darknet_ros/darknet/src/lstm_layer.c.o[0m
[ 31%] [32mBuilding C object CMakeFiles/darknet_ros_lib.dir/home/cc/ee106a/fl21/class/ee106a-aaf/ros_workspaces/final-project-workspace/src/darknet_ros/darknet/src/col2im.c.o[0m
[ 32%] [32mBuilding C object CMakeFiles/darknet_ros_lib.dir/home/cc/ee106a/fl21/class/ee106a-aaf/ros_workspaces/final-project-workspace/src/darknet_ros/darknet/src/matrix.c.o[0m
[ 33%] [32mBuilding C object CMakeFiles/darknet_ros_lib.dir/home/cc/ee106a/fl21/class/ee106a-aaf/ros_workspaces/final-project-workspace/src/darknet_ros/darknet/src/connected_layer.c.o[0m
[ 35%] [32mBuilding C object CMakeFiles/darknet_ros_lib.dir/home/cc/ee106a/fl21/class/ee106a-aaf/ros_workspaces/final-project-workspace/src/darknet_ros/darknet/src/maxpool_layer.c.o[0m
[ 36%] [32mBuilding C object CMakeFiles/darknet_ros_lib.dir/home/cc/ee106a/fl21/class/ee106a-aaf/ros_workspaces/final-project-workspace/src/darknet_ros/darknet/src/convolutional_layer.c.o[0m
[ 37%] [32mBuilding C object CMakeFiles/darknet_ros_lib.dir/home/cc/ee106a/fl21/class/ee106a-aaf/ros_workspaces/final-project-workspace/src/darknet_ros/darknet/src/network.c.o[0m
[ 38%] [32mBuilding C object CMakeFiles/darknet_ros_lib.dir/home/cc/ee106a/fl21/class/ee106a-aaf/ros_workspaces/final-project-workspace/src/darknet_ros/darknet/src/cost_layer.c.o[0m
[ 40%] [32mBuilding C object CMakeFiles/darknet_ros_lib.dir/home/cc/ee106a/fl21/class/ee106a-aaf/ros_workspaces/final-project-workspace/src/darknet_ros/darknet/src/normalization_layer.c.o[0m
[ 41%] [32mBuilding C object CMakeFiles/darknet_ros_lib.dir/home/cc/ee106a/fl21/class/ee106a-aaf/ros_workspaces/final-project-workspace/src/darknet_ros/darknet/src/crnn_layer.c.o[0m
[ 42%] [32mBuilding C object CMakeFiles/darknet_ros_lib.dir/home/cc/ee106a/fl21/class/ee106a-aaf/ros_workspaces/final-project-workspace/src/darknet_ros/darknet/src/option_list.c.o[0m
[ 43%] [32mBuilding C object CMakeFiles/darknet_ros_lib.dir/home/cc/ee106a/fl21/class/ee106a-aaf/ros_workspaces/final-project-workspace/src/darknet_ros/darknet/src/crop_layer.c.o[0m
[ 45%] [32mBuilding C object CMakeFiles/darknet_ros_lib.dir/home/cc/ee106a/fl21/class/ee106a-aaf/ros_workspaces/final-project-workspace/src/darknet_ros/darknet/src/parser.c.o[0m
[ 47%] [32mBuilding C object CMakeFiles/darknet_ros_lib.dir/home/cc/ee106a/fl21/class/ee106a-aaf/ros_workspaces/final-project-workspace/src/darknet_ros/darknet/src/region_layer.c.o[0m
[ 47%] [32mBuilding C object CMakeFiles/darknet_ros_lib.dir/home/cc/ee106a/fl21/class/ee106a-aaf/ros_workspaces/final-project-workspace/src/darknet_ros/darknet/src/cuda.c.o[0m
[ 48%] [32mBuilding C object CMakeFiles/darknet_ros_lib.dir/home/cc/ee106a/fl21/class/ee106a-aaf/ros_workspaces/final-project-workspace/src/darknet_ros/darknet/src/data.c.o[0m
[ 50%] [32mBuilding C object CMakeFiles/darknet_ros_lib.dir/home/cc/ee106a/fl21/class/ee106a-aaf/ros_workspaces/final-project-workspace/src/darknet_ros/darknet/src/reorg_layer.c.o[0m
[ 51%] [32mBuilding C object CMakeFiles/darknet_ros_lib.dir/home/cc/ee106a/fl21/class/ee106a-aaf/ros_workspaces/final-project-workspace/src/darknet_ros/darknet/src/deconvolutional_layer.c.o[0m
[ 52%] [32mBuilding C object CMakeFiles/darknet_ros_lib.dir/home/cc/ee106a/fl21/class/ee106a-aaf/ros_workspaces/final-project-workspace/src/darknet_ros/darknet/src/rnn_layer.c.o[0m
[ 53%] [32mBuilding C object CMakeFiles/darknet_ros_lib.dir/home/cc/ee106a/fl21/class/ee106a-aaf/ros_workspaces/final-project-workspace/src/darknet_ros/darknet/src/demo.c.o[0m
[01m[K/home/cc/ee106a/fl21/class/ee106a-aaf/ros_workspaces/final-project-workspace/src/darknet_ros/darknet_ros/src/image_interface.cpp:[m[K In function ‘[01m[Kimage** load_alphabet_with_file(char*)[m[K’:
[01m[K/home/cc/ee106a/fl21/class/ee106a-aaf/ros_workspaces/final-project-workspace/src/darknet_ros/darknet_ros/src/image_interface.cpp:20:18:[m[K [01;35m[Kwarning: [m[KISO C++ forbids converting a string constant to ‘[01m[Kchar*[m[K’ [-Wwrite-strings]
   char* labels = "/labels/%d_%d.png";
[01;32m[K                  ^[m[K
[ 55%] [32mBuilding C object CMakeFiles/darknet_ros_lib.dir/home/cc/ee106a/fl21/class/ee106a-aaf/ros_workspaces/final-project-workspace/src/darknet_ros/darknet/src/route_layer.c.o[0m
[ 56%] [32mBuilding C object CMakeFiles/darknet_ros_lib.dir/home/cc/ee106a/fl21/class/ee106a-aaf/ros_workspaces/final-project-workspace/src/darknet_ros/darknet/src/detection_layer.c.o[0m
[ 57%] [32mBuilding C object CMakeFiles/darknet_ros_lib.dir/home/cc/ee106a/fl21/class/ee106a-aaf/ros_workspaces/final-project-workspace/src/darknet_ros/darknet/src/shortcut_layer.c.o[0m
[ 58%] [32mBuilding C object CMakeFiles/darknet_ros_lib.dir/home/cc/ee106a/fl21/class/ee106a-aaf/ros_workspaces/final-project-workspace/src/darknet_ros/darknet/src/dropout_layer.c.o[0m
[ 60%] [32mBuilding C object CMakeFiles/darknet_ros_lib.dir/home/cc/ee106a/fl21/class/ee106a-aaf/ros_workspaces/final-project-workspace/src/darknet_ros/darknet/src/softmax_layer.c.o[0m
[ 61%] [32mBuilding C object CMakeFiles/darknet_ros_lib.dir/home/cc/ee106a/fl21/class/ee106a-aaf/ros_workspaces/final-project-workspace/src/darknet_ros/darknet/src/gemm.c.o[0m
[ 63%] [32mBuilding C object CMakeFiles/darknet_ros_lib.dir/home/cc/ee106a/fl21/class/ee106a-aaf/ros_workspaces/final-project-workspace/src/darknet_ros/darknet/src/tree.c.o[0m
[ 63%] [32mBuilding C object CMakeFiles/darknet_ros_lib.dir/home/cc/ee106a/fl21/class/ee106a-aaf/ros_workspaces/final-project-workspace/src/darknet_ros/darknet/src/gru_layer.c.o[0m
[01m[K/home/cc/ee106a/fl21/class/ee106a-aaf/ros_workspaces/final-project-workspace/src/darknet_ros/darknet/src/gemm.c:[m[K In function ‘[01m[Ktime_gpu[m[K’:
[01m[K/home/cc/ee106a/fl21/class/ee106a-aaf/ros_workspaces/final-project-workspace/src/darknet_ros/darknet/src/gemm.c:232:9:[m[K [01;35m[Kwarning: [m[K‘[01m[KcudaThreadSynchronize[m[K’ is deprecated [-Wdeprecated-declarations]
         cudaThreadSynchronize();
[01;32m[K         ^[m[K
In file included from [01m[K/usr/local/cuda/include/cuda_runtime.h:96:0[m[K,
                 from [01m[K/home/cc/ee106a/fl21/class/ee106a-aaf/ros_workspaces/final-project-workspace/src/darknet_ros/darknet/include/darknet.h:11[m[K,
                 from [01m[K/home/cc/ee106a/fl21/class/ee106a-aaf/ros_workspaces/final-project-workspace/src/darknet_ros/darknet/src/utils.h:5[m[K,
                 from [01m[K/home/cc/ee106a/fl21/class/ee106a-aaf/ros_workspaces/final-project-workspace/src/darknet_ros/darknet/src/gemm.c:2[m[K:
[01m[K/usr/local/cuda/include/cuda_runtime_api.h:1046:57:[m[K [01;36m[Knote: [m[Kdeclared here
 extern __CUDA_DEPRECATED __host__ cudaError_t CUDARTAPI cudaThreadSynchronize(void);
[01;32m[K                                                         ^[m[K
[ 65%] [32mBuilding C object CMakeFiles/darknet_ros_lib.dir/home/cc/ee106a/fl21/class/ee106a-aaf/ros_workspaces/final-project-workspace/src/darknet_ros/darknet/src/utils.c.o[0m
[ 66%] [32mBuilding C object CMakeFiles/darknet_ros_lib.dir/home/cc/ee106a/fl21/class/ee106a-aaf/ros_workspaces/final-project-workspace/src/darknet_ros/darknet/src/upsample_layer.c.o[0m
[ 67%] [32mBuilding C object CMakeFiles/darknet_ros_lib.dir/home/cc/ee106a/fl21/class/ee106a-aaf/ros_workspaces/final-project-workspace/src/darknet_ros/darknet/src/logistic_layer.c.o[0m
[ 68%] [32mBuilding C object CMakeFiles/darknet_ros_lib.dir/home/cc/ee106a/fl21/class/ee106a-aaf/ros_workspaces/final-project-workspace/src/darknet_ros/darknet/src/l2norm_layer.c.o[0m
[ 70%] [32mBuilding C object CMakeFiles/darknet_ros_lib.dir/home/cc/ee106a/fl21/class/ee106a-aaf/ros_workspaces/final-project-workspace/src/darknet_ros/darknet/src/yolo_layer.c.o[0m
[ 71%] [32mBuilding C object CMakeFiles/darknet_ros_lib.dir/home/cc/ee106a/fl21/class/ee106a-aaf/ros_workspaces/final-project-workspace/src/darknet_ros/darknet/src/iseg_layer.c.o[0m
[ 72%] [32mBuilding CXX object CMakeFiles/darknet_ros_lib.dir/home/cc/ee106a/fl21/class/ee106a-aaf/ros_workspaces/final-project-workspace/src/darknet_ros/darknet/src/image_opencv.cpp.o[0m
[ 73%] [32mBuilding C object CMakeFiles/darknet_ros_lib.dir/home/cc/ee106a/fl21/class/ee106a-aaf/ros_workspaces/final-project-workspace/src/darknet_ros/darknet/examples/art.c.o[0m
[ 75%] [32mBuilding C object CMakeFiles/darknet_ros_lib.dir/home/cc/ee106a/fl21/class/ee106a-aaf/ros_workspaces/final-project-workspace/src/darknet_ros/darknet/examples/lsd.c.o[0m
[ 76%] [32mBuilding C object CMakeFiles/darknet_ros_lib.dir/home/cc/ee106a/fl21/class/ee106a-aaf/ros_workspaces/final-project-workspace/src/darknet_ros/darknet/examples/nightmare.c.o[0m
[ 77%] [32mBuilding C object CMakeFiles/darknet_ros_lib.dir/home/cc/ee106a/fl21/class/ee106a-aaf/ros_workspaces/final-project-workspace/src/darknet_ros/darknet/examples/instance-segmenter.c.o[0m
[ 78%] [32mBuilding C object CMakeFiles/darknet_ros_lib.dir/home/cc/ee106a/fl21/class/ee106a-aaf/ros_workspaces/final-project-workspace/src/darknet_ros/darknet/examples/captcha.c.o[0m
[ 80%] [32mBuilding C object CMakeFiles/darknet_ros_lib.dir/home/cc/ee106a/fl21/class/ee106a-aaf/ros_workspaces/final-project-workspace/src/darknet_ros/darknet/examples/regressor.c.o[0m
[ 81%] [32mBuilding C object CMakeFiles/darknet_ros_lib.dir/home/cc/ee106a/fl21/class/ee106a-aaf/ros_workspaces/final-project-workspace/src/darknet_ros/darknet/examples/cifar.c.o[0m
[ 82%] [32mBuilding C object CMakeFiles/darknet_ros_lib.dir/home/cc/ee106a/fl21/class/ee106a-aaf/ros_workspaces/final-project-workspace/src/darknet_ros/darknet/examples/rnn.c.o[0m
[ 83%] [32mBuilding C object CMakeFiles/darknet_ros_lib.dir/home/cc/ee106a/fl21/class/ee106a-aaf/ros_workspaces/final-project-workspace/src/darknet_ros/darknet/examples/classifier.c.o[0m
[ 85%] [32mBuilding C object CMakeFiles/darknet_ros_lib.dir/home/cc/ee106a/fl21/class/ee106a-aaf/ros_workspaces/final-project-workspace/src/darknet_ros/darknet/examples/segmenter.c.o[0m
[ 86%] [32mBuilding C object CMakeFiles/darknet_ros_lib.dir/home/cc/ee106a/fl21/class/ee106a-aaf/ros_workspaces/final-project-workspace/src/darknet_ros/darknet/examples/coco.c.o[0m
[ 87%] [32mBuilding C object CMakeFiles/darknet_ros_lib.dir/home/cc/ee106a/fl21/class/ee106a-aaf/ros_workspaces/final-project-workspace/src/darknet_ros/darknet/examples/super.c.o[0m
[ 88%] [32mBuilding C object CMakeFiles/darknet_ros_lib.dir/home/cc/ee106a/fl21/class/ee106a-aaf/ros_workspaces/final-project-workspace/src/darknet_ros/darknet/examples/darknet.c.o[0m
[ 90%] [32mBuilding C object CMakeFiles/darknet_ros_lib.dir/home/cc/ee106a/fl21/class/ee106a-aaf/ros_workspaces/final-project-workspace/src/darknet_ros/darknet/examples/tag.c.o[0m
[ 91%] [32mBuilding C object CMakeFiles/darknet_ros_lib.dir/home/cc/ee106a/fl21/class/ee106a-aaf/ros_workspaces/final-project-workspace/src/darknet_ros/darknet/examples/detector.c.o[0m
[ 92%] [32mBuilding C object CMakeFiles/darknet_ros_lib.dir/home/cc/ee106a/fl21/class/ee106a-aaf/ros_workspaces/final-project-workspace/src/darknet_ros/darknet/examples/yolo.c.o[0m
[ 93%] [32mBuilding C object CMakeFiles/darknet_ros_lib.dir/home/cc/ee106a/fl21/class/ee106a-aaf/ros_workspaces/final-project-workspace/src/darknet_ros/darknet/examples/go.c.o[0m
[01m[K/home/cc/ee106a/fl21/class/ee106a-aaf/ros_workspaces/final-project-workspace/src/darknet_ros/darknet/src/image_opencv.cpp:[m[K In function ‘[01m[Kimage load_image_cv(char*, int)[m[K’:
[01m[K/home/cc/ee106a/fl21/class/ee106a-aaf/ros_workspaces/final-project-workspace/src/darknet_ros/darknet/src/image_opencv.cpp:89:21:[m[K [01;35m[Kwarning: [m[Kignoring return value of ‘[01m[Kint system(const char*)[m[K’, declared with attribute warn_unused_result [-Wunused-result]
         system(buff);
[01;32m[K                     ^[m[K
[ 95%] [32m[1mLinking CXX shared library /home/cc/ee106a/fl21/class/ee106a-aaf/ros_workspaces/final-project-workspace/devel/.private/darknet_ros/lib/libdarknet_ros_lib.so[0m
[ 95%] Built target darknet_ros_lib
[35m[1mScanning dependencies of target darknet_ros_nodelet[0m
[35m[1mScanning dependencies of target darknet_ros[0m
[ 96%] [32mBuilding CXX object CMakeFiles/darknet_ros.dir/src/yolo_object_detector_node.cpp.o[0m
[ 97%] [32mBuilding CXX object CMakeFiles/darknet_ros_nodelet.dir/src/yolo_object_detector_nodelet.cpp.o[0m
[ 98%] [32m[1mLinking CXX executable /home/cc/ee106a/fl21/class/ee106a-aaf/ros_workspaces/final-project-workspace/devel/.private/darknet_ros/lib/darknet_ros/darknet_ros[0m
[100%] [32m[1mLinking CXX shared library /home/cc/ee106a/fl21/class/ee106a-aaf/ros_workspaces/final-project-workspace/devel/.private/darknet_ros/lib/libdarknet_ros_nodelet.so[0m
[100%] Built target darknet_ros
[100%] Built target darknet_ros_nodelet
